* Radex version        : 30nov2011
* Geometry             : Uniform sphere
* Molecular data file  : /cygdrive/c/Radex/data/h2-h.dat                                                 
* T(kin)            [K]: 2671.063
* Density of H   [cm-3]:  2.517E+02
* T(background)     [K]: 2713.385
* Column density [cm-2]:  1.000E+15
* Line width     [km/s]:    1.000
Calculation finished in   10 iterations
      LINE               E_UP       FREQ        WAVEL     T_ EX      TAU        T_R       POP        POP       FLUX        FLUX
                         (K)        (GHz)       (um)      (K )                  (K)        UP        LOW      (K*km/s) (erg/cm2/s)
0____2 -- 0____0   509.9   10623.4807      28.2198  2.703E+03  2.798E-12 -3.015E-11  5.438E-02  1.313E-02 -3.210E-11 -4.956E-13
0____3 -- 0____1  1015.2   17599.5560      17.0341  2.701E+03  6.128E-11 -7.332E-10  1.894E-01  1.110E-01 -7.805E-10 -5.479E-11
0____4 -- 0____2  1681.7   24416.7739      12.2781  2.701E+03  6.580E-11 -8.292E-10  6.343E-02  5.438E-02 -8.827E-10 -1.655E-10
0____5 -- 0____3  2503.9   31019.6260       9.6646  2.701E+03  4.196E-10 -4.995E-09  1.715E-01  1.894E-01 -5.317E-09 -2.044E-09
0____6 -- 0____4  3474.4   37354.7294       8.0256  2.703E+03  2.274E-10 -2.281E-09  4.720E-02  6.343E-02 -2.428E-09 -1.630E-09
0____7 -- 0____5  4586.4   43392.1211       6.9089  2.705E+03  9.119E-10 -7.202E-09  1.083E-01  1.715E-01 -7.667E-09 -8.067E-09
0____8 -- 0____6  5829.8   49076.6678       6.1087  2.707E+03  3.484E-10 -2.088E-09  2.586E-02  4.720E-02 -2.223E-09 -3.384E-09
1____0 -- 0____2  5987.1  114127.1251       2.6268  2.713E+03  5.470E-11 -1.291E-11  1.444E-03  5.438E-02 -1.374E-11 -2.631E-10
1____1 -- 0____1  6149.2  124575.2043       2.4065  2.712E+03  2.212E-10 -1.745E-10  1.224E-02  1.110E-01 -1.858E-10 -4.626E-09
1____1 -- 0____3  6149.2  106975.6483       2.8024  2.714E+03  2.405E-10  1.144E-10  1.224E-02  1.894E-01  1.218E-10  1.920E-09
1____2 -- 0____0  6471.6  134845.5274       2.2232  2.712E+03  6.197E-11 -6.808E-11  6.038E-03  1.313E-02 -7.247E-11 -2.288E-09
1____2 -- 0____2  6471.6  124222.0467       2.4134  2.712E+03  7.721E-11 -5.011E-11  6.038E-03  5.438E-02 -5.335E-11 -1.317E-09
1____2 -- 0____4  6471.6   99805.2728       3.0038  2.715E+03  8.608E-11  1.308E-10  6.038E-03  6.343E-02  1.392E-10  1.782E-09
1____2 -- 1____0  6471.6   10094.9217      29.6974  2.705E+03  3.234E-13 -2.536E-12  6.038E-03  1.444E-03 -2.700E-12 -3.577E-14
1____3 -- 0____1  6951.6  141293.9604       2.1218  2.711E+03  2.954E-10 -3.511E-10  2.124E-02  1.110E-01 -3.738E-10 -1.358E-08
1____3 -- 0____3  6951.6  123694.4045       2.4237  2.713E+03  2.497E-10 -8.631E-11  2.124E-02  1.894E-01 -9.188E-11 -2.239E-09
1____3 -- 0____5  6951.6   92674.7784       3.2349  2.717E+03  2.325E-10  6.410E-10  2.124E-02  1.715E-01  6.824E-10  6.995E-09
1____3 -- 1____1  6951.6   16718.7562      17.9315  2.706E+03  7.126E-12 -5.548E-11  2.124E-02  1.224E-02 -5.906E-11 -3.554E-12
0____9 -- 0____7  7197.0   54396.0969       5.5113  2.708E+03  1.068E-09 -4.900E-09  5.234E-02  1.083E-01 -5.216E-09 -1.081E-08
1____4 -- 0____2  7584.6  147412.9270       2.0337  2.711E+03  1.138E-10 -1.370E-10  7.203E-03  5.438E-02 -1.459E-10 -6.017E-09
1____4 -- 0____4  7584.6  122996.1531       2.4374  2.713E+03  8.095E-11  4.374E-12  7.203E-03  6.343E-02  4.656E-12  1.116E-10
1____4 -- 0____6  7584.6   85641.4237       3.5006  2.718E+03  6.126E-11  2.376E-10  7.203E-03  4.720E-02  2.529E-10  2.046E-09
1____4 -- 1____2  7584.6   23190.8802      12.9272  2.705E+03  7.696E-12 -6.055E-11  7.203E-03  6.038E-03 -6.446E-11 -1.035E-11
1____5 -- 0____3  8365.3  153151.1485       1.9575  2.711E+03  3.288E-10 -3.771E-10  1.979E-02  1.894E-01 -4.014E-10 -1.857E-08
1____5 -- 0____5  8365.3  122131.5224       2.4547  2.714E+03  2.139E-10  8.059E-11  1.979E-02  1.715E-01  8.578E-11  2.013E-09
1____5 -- 0____7  8365.3   78739.4013       3.8074  2.719E+03  1.304E-10  6.061E-10  1.979E-02  1.083E-01  6.452E-10  4.056E-09
1____5 -- 1____3  8365.3   29456.7440      10.1774  2.705E+03  4.940E-11 -4.095E-10  1.979E-02  2.124E-02 -4.359E-10 -1.435E-10
0___10 -- 0____8  8677.3   59333.2181       5.0527  2.709E+03  3.245E-10 -1.181E-09  1.117E-02  2.586E-02 -1.257E-09 -3.381E-09
1____6 -- 0____4  9286.6  158460.3259       1.8919  2.711E+03  9.150E-11 -9.497E-11  5.545E-03  6.343E-02 -1.011E-10 -5.181E-09
1____6 -- 0____6  9286.6  121105.5965       2.4755  2.714E+03  5.786E-11  2.810E-11  5.545E-03  4.720E-02  2.991E-11  6.843E-10
1____6 -- 0____8  9286.6   72028.9287       4.1621  2.719E+03  2.830E-11  1.376E-10  5.545E-03  2.586E-02  1.465E-10  7.051E-10
1____6 -- 1____4  9286.6   35464.1728       8.4534  2.705E+03  2.710E-11 -2.318E-10  5.545E-03  7.203E-03 -2.468E-10 -1.417E-10
0___11 -- 0____9 10261.8   63859.5897       4.6946  2.710E+03  8.147E-10 -2.384E-09  2.045E-02  5.234E-02 -2.537E-09 -8.510E-09
1____7 -- 0____5 10341.5  163309.0171       1.8357  2.712E+03  2.028E-10 -1.851E-10  1.300E-02  1.715E-01 -1.971E-10 -1.105E-08
1____7 -- 0____7 10341.5  119916.8960       2.5000  2.714E+03  1.308E-10  5.656E-11  1.300E-02  1.083E-01  6.021E-11  1.337E-09
1____7 -- 0____9 10341.5   65520.7992       4.5755  2.719E+03  5.060E-11  2.386E-10  1.300E-02  5.234E-02  2.540E-10  9.200E-10
1____7 -- 1____5 10341.5   41177.4947       7.2805  2.705E+03  1.100E-10 -9.004E-10  1.300E-02  1.979E-02 -9.584E-10 -8.618E-10
1____8 -- 0____6 11521.8  167679.5319       1.7879  2.712E+03  4.440E-11 -3.687E-11  3.174E-03  4.720E-02 -3.925E-11 -2.383E-09
1____8 -- 0____8 11521.8  118602.8641       2.5277  2.714E+03  3.067E-11  6.762E-12  3.174E-03  2.586E-02  7.198E-12  1.546E-10
1____8 -- 0___10 11521.8   59269.6460       5.0581  2.718E+03  9.277E-12  3.924E-11  3.174E-03  1.117E-02  4.177E-11  1.120E-10
1____8 -- 1____6 11521.8   46573.9354       6.4369  2.706E+03  4.268E-11 -3.123E-10  3.174E-03  5.545E-03 -3.325E-10 -4.326E-10
2____0 -- 0____2 11635.7  231824.2689       1.2932  2.713E+03  3.000E-12 -6.925E-13  1.800E-04  5.438E-02 -7.372E-13 -1.183E-10
2____0 -- 1____2 11635.7  107602.2222       2.7861  2.713E+03  1.072E-11 -5.239E-12  1.800E-04  6.038E-03 -5.576E-12 -8.947E-11
2____1 -- 0____1 11789.5  242099.3636       1.2383  2.712E+03  1.507E-11 -4.586E-12  1.530E-03  1.110E-01 -4.882E-12 -8.921E-10
2____1 -- 0____3 11789.5  224499.8077       1.3354  2.713E+03  1.141E-11 -1.121E-12  1.530E-03  1.894E-01 -1.194E-12 -1.739E-10
2____1 -- 1____1 11789.5  117524.1594       2.5509  2.712E+03  4.248E-11 -3.533E-11  1.530E-03  1.224E-02 -3.761E-11 -7.862E-10
2____1 -- 1____3 11789.5  100805.4032       2.9740  2.713E+03  4.772E-11 -2.849E-12  1.530E-03  2.124E-02 -3.032E-12 -4.000E-11
0___12 -- 0___10 11940.3   67989.1097       4.4094  2.711E+03  2.102E-10 -5.010E-10  3.989E-03  1.117E-02 -5.333E-10 -2.159E-09
2____2 -- 0____0 12095.2  252022.2176       1.1895  2.712E+03  5.228E-12 -1.715E-12  7.594E-04  1.313E-02 -1.825E-12 -3.762E-10
2____2 -- 0____2 12095.2  241398.7369       1.2419  2.712E+03  5.298E-12 -1.348E-12  7.594E-04  5.438E-02 -1.435E-12 -2.600E-10
2____2 -- 0____4 12095.2  216981.9630       1.3816  2.714E+03  3.501E-12  4.099E-13  7.594E-04  6.343E-02  4.363E-13  5.741E-11
2____2 -- 1____0 12095.2  127271.6118       2.3555  2.712E+03  1.165E-11 -1.208E-11  7.594E-04  1.444E-03 -1.286E-11 -3.415E-10
2____2 -- 1____2 12095.2  117176.6902       2.5585  2.712E+03  1.490E-11 -1.054E-11  7.594E-04  6.038E-03 -1.122E-11 -2.325E-10
2____2 -- 1____4 12095.2   93985.8099       3.1898  2.714E+03  1.734E-11  1.014E-11  7.594E-04  7.203E-03  1.080E-11  1.154E-10
2____2 -- 2____0 12095.2    9574.4680      31.3117  2.709E+03  4.140E-14  0.000E+00  7.594E-04  1.800E-04  0.000E+00  0.000E+00
2____3 -- 0____1 12550.5  257955.6144       1.1622  2.712E+03  2.857E-11 -9.053E-12  2.696E-03  1.110E-01 -9.637E-12 -2.130E-09
2____3 -- 0____3 12550.5  240356.0585       1.2473  2.713E+03  1.747E-11 -3.006E-12  2.696E-03  1.894E-01 -3.200E-12 -5.723E-10
2____3 -- 0____5 12550.5  209336.4324       1.4321  2.714E+03  8.147E-12  3.114E-12  2.696E-03  1.715E-01  3.315E-12  3.916E-10
2____3 -- 1____1 12550.5  133380.4102       2.2476  2.712E+03  5.480E-11 -5.897E-11  2.696E-03  1.224E-02 -6.277E-11 -1.918E-09
2____3 -- 1____3 12550.5  116661.6540       2.5698  2.713E+03  4.857E-11 -2.755E-11  2.696E-03  2.124E-02 -2.933E-11 -5.997E-10
2____3 -- 1____5 12550.5   87204.9100       3.4378  2.715E+03  4.779E-11  7.106E-11  2.696E-03  1.979E-02  7.564E-11  6.460E-10
2____3 -- 2____1 12550.5   15856.2508      18.9069  2.708E+03  9.149E-13 -5.140E-12  2.696E-03  1.530E-03 -5.472E-12 -2.809E-13
1____9 -- 0____7 12817.5  171508.0272       1.7480  2.712E+03  7.797E-11 -6.106E-11  6.595E-03  1.083E-01 -6.500E-11 -4.223E-09
1____9 -- 0____9 12817.5  117111.9304       2.5599  2.713E+03  6.080E-11 -1.809E-12  6.595E-03  5.234E-02 -1.926E-12 -3.984E-11
1____9 -- 0___11 12817.5   53252.3406       5.6297  2.717E+03  1.421E-11  5.031E-11  6.595E-03  2.045E-02  5.356E-11  1.042E-10
1____9 -- 1____7 12817.5   51591.1312       5.8109  2.707E+03  1.317E-10 -8.302E-10  6.595E-03  1.300E-02 -8.837E-10 -1.563E-09
2____4 -- 0____2 13150.7  263391.3319       1.1382  2.712E+03  1.272E-11 -3.755E-12  9.256E-04  5.438E-02 -3.998E-12 -9.407E-10
2____4 -- 0____4 13150.7  238974.5580       1.2545  2.713E+03  5.765E-12 -3.621E-13  9.256E-04  6.343E-02 -3.854E-13 -6.774E-11
2____4 -- 0____6 13150.7  201619.8286       1.4869  2.715E+03  1.838E-12  1.153E-12  9.256E-04  4.720E-02  1.227E-12  1.295E-10
2____4 -- 1____2 13150.7  139169.2851       2.1542  2.712E+03  2.084E-11 -2.327E-11  9.256E-04  6.038E-03 -2.477E-11 -8.600E-10
2____4 -- 1____4 13150.7  115978.4049       2.5849  2.713E+03  1.589E-11 -6.354E-12  9.256E-04  7.203E-03 -6.764E-12 -1.359E-10
2____4 -- 1____6 13150.7   80514.2321       3.7235  2.716E+03  1.287E-11  3.360E-11  9.256E-04  5.545E-03  3.576E-11  2.404E-10
2____4 -- 2____2 13150.7   21992.5950      13.6315  2.707E+03  9.944E-13 -6.056E-12  9.256E-04  7.594E-04 -6.447E-12 -8.832E-13
0___13 -- 0___11 13703.2   71706.3591       4.1808  2.711E+03  4.549E-10 -9.281E-10  6.745E-03  2.045E-02 -9.880E-10 -4.691E-09
2____5 -- 0____3 13890.7  268281.1126       1.1175  2.712E+03  4.263E-11 -1.097E-11  2.582E-03  1.894E-01 -1.168E-11 -2.905E-09
2____5 -- 0____5 13890.7  237261.4866       1.2636  2.714E+03  1.567E-11  6.122E-13  2.582E-03  1.715E-01  6.517E-13  1.121E-10
2____5 -- 0____7 13890.7  193869.3654       1.5464  2.715E+03  3.325E-12  2.751E-12  2.582E-03  1.083E-01  2.928E-12  2.748E-10
2____5 -- 1____3 13890.7  144586.7081       2.0734  2.711E+03  5.940E-11 -6.950E-11  2.582E-03  2.124E-02 -7.398E-11 -2.880E-09
2____5 -- 1____5 13890.7  115129.9641       2.6039  2.713E+03  4.258E-11 -8.944E-12  2.582E-03  1.979E-02 -9.521E-12 -1.871E-10
2____5 -- 1____7 13890.7   73952.4694       4.0539  2.718E+03  2.803E-11  1.056E-10  2.582E-03  1.300E-02  1.124E-10  5.856E-10
2____5 -- 2____3 13890.7   27925.0541      10.7356  2.707E+03  6.427E-12 -4.331E-11  2.582E-03  2.696E-03 -4.610E-11 -1.293E-11
1___10 -- 0____8 14221.1  174846.3026       1.7146  2.712E+03  1.350E-11 -1.060E-11  1.447E-03  2.586E-02 -1.128E-11 -7.765E-10
1___10 -- 0___10 14221.1  115513.0845       2.5953  2.713E+03  1.270E-11 -4.029E-12  1.447E-03  1.117E-02 -4.289E-12 -8.513E-11
1___10 -- 1____8 14221.1   56243.4386       5.3303  2.708E+03  4.089E-11 -2.174E-10  1.447E-03  3.174E-03 -2.315E-10 -5.304E-10
1___10 -- 0___12 14221.1   47523.9748       6.3082  2.716E+03  2.269E-12  5.798E-12  1.447E-03  3.989E-03  6.172E-12  8.532E-12
2____6 -- 0____4 14764.1  272592.5559       1.0998  2.712E+03  1.392E-11 -3.024E-12  7.365E-04  6.343E-02 -3.219E-12 -8.397E-10
2____6 -- 0____6 14764.1  235237.8265       1.2744  2.714E+03  4.350E-12  3.986E-13  7.365E-04  4.720E-02  4.243E-13  7.113E-11
2____6 -- 0____8 14764.1  186161.1587       1.6104  2.715E+03  6.062E-13  5.569E-13  7.365E-04  2.586E-02  5.928E-13  4.925E-11
2____6 -- 1____4 14764.1  149596.4028       2.0040  2.711E+03  1.626E-11 -2.020E-11  7.365E-04  7.203E-03 -2.151E-11 -9.273E-10
2____6 -- 1____6 14764.1  114132.2300       2.6267  2.713E+03  1.169E-11 -5.291E-13  7.365E-04  5.545E-03 -5.632E-13 -1.078E-11
2____6 -- 1____8 14764.1   67558.2946       4.4375  2.719E+03  6.185E-12  2.899E-11  7.365E-04  3.174E-03  3.086E-11  1.226E-10
2____6 -- 2____4 14764.1   33617.9979       8.9176  2.706E+03  3.550E-12 -2.622E-11  7.365E-04  9.256E-04 -2.792E-11 -1.366E-11
0___14 -- 0___12 15540.2   75010.1084       3.9967  2.711E+03  1.031E-10 -1.737E-10  1.227E-03  3.989E-03 -1.849E-10 -1.005E-09
1___11 -- 0____9 15722.3  177637.1411       1.6877  2.712E+03  1.841E-11 -1.407E-11  2.732E-03  5.234E-02 -1.497E-11 -1.081E-09
1___11 -- 0___11 15722.3  113777.5514       2.6349  2.713E+03  2.265E-11 -1.203E-11  2.732E-03  2.045E-02 -1.281E-11 -2.430E-10
1___11 -- 1____9 15722.3   60525.2107       4.9532  2.709E+03  1.045E-10 -4.495E-10  2.732E-03  6.595E-03 -4.785E-10 -1.366E-09
1___11 -- 0___13 15722.3   42071.1923       7.1258  2.715E+03  3.029E-12  5.841E-12  2.732E-03  6.745E-03  6.218E-12  5.963E-12
2____7 -- 0____5 15763.4  276281.5927       1.0851  2.712E+03  3.637E-11 -6.844E-12  1.762E-03  1.715E-01 -7.286E-12 -1.979E-09
2____7 -- 0____7 15763.4  232889.4716       1.2873  2.714E+03  1.011E-11  9.404E-13  1.762E-03  1.083E-01  1.001E-12  1.628E-10
2____7 -- 0____9 15763.4  178493.3747       1.6796  2.715E+03  9.037E-13  8.221E-13  1.762E-03  5.234E-02  8.751E-13  6.409E-11
2____7 -- 1____5 15763.4  154150.0703       1.9448  2.711E+03  3.523E-11 -4.467E-11  1.762E-03  1.979E-02 -4.755E-11 -2.243E-09
2____7 -- 1____7 15763.4  112972.5755       2.6537  2.713E+03  2.684E-11  3.240E-13  1.762E-03  1.300E-02  3.449E-13  6.405E-12
2____7 -- 1____9 15763.4   61381.4443       4.8841  2.719E+03  1.126E-11  5.872E-11  1.762E-03  6.595E-03  6.251E-11  1.862E-10
2____7 -- 2____5 15763.4   39020.1061       7.6830  2.705E+03  1.458E-11 -1.136E-10  1.762E-03  2.582E-03 -1.210E-10 -9.254E-11
2____8 -- 0____6 16880.5  279336.2836       1.0732  2.712E+03  9.599E-12 -1.731E-12  4.405E-04  4.720E-02 -1.843E-12 -5.173E-10
2____8 -- 0____8 16880.5  230259.6157       1.3020  2.714E+03  2.474E-12  1.040E-13  4.405E-04  2.586E-02  1.107E-13  1.741E-11
2____8 -- 0___10 16880.5  170926.3976       1.7539  2.715E+03  1.379E-13  9.436E-14  4.405E-04  1.117E-02  1.005E-13  6.460E-12
2____8 -- 1____6 16880.5  158230.6871       1.8947  2.711E+03  7.497E-12 -9.470E-12  4.405E-04  5.545E-03 -1.008E-11 -5.143E-10
2____8 -- 1____8 16880.5  111656.7517       2.6849  2.713E+03  6.408E-12 -3.317E-13  4.405E-04  3.174E-03 -3.531E-13 -6.330E-12
2____8 -- 1___10 16880.5   55413.3131       5.4101  2.719E+03  2.111E-12  1.122E-11  4.405E-04  1.447E-03  1.195E-11  2.618E-11
2____8 -- 2____6 16880.5   44098.4570       6.7983  2.705E+03  5.745E-12 -4.466E-11  4.405E-04  7.365E-04 -4.754E-11 -5.250E-11
3____0 -- 0____2 16952.8  342613.9937       0.8750  2.712E+03  9.076E-14 -5.872E-15  2.534E-05  5.438E-02 -6.250E-15 -3.237E-12
3____0 -- 1____2 16952.8  218391.9470       1.3727  2.712E+03  1.051E-12 -3.468E-13  2.534E-05  6.038E-03 -3.692E-13 -4.952E-11
3____0 -- 2____2 16952.8  101215.2568       2.9619  2.712E+03  1.733E-12 -1.346E-12  2.534E-05  7.594E-04 -1.432E-12 -1.913E-11
3____1 -- 0____1 17098.4  352717.2916       0.8500  2.712E+03  6.584E-13 -6.094E-14  2.161E-04  1.110E-01 -6.487E-14 -3.666E-11
3____1 -- 0____3 17098.4  335117.7356       0.8946  2.713E+03  2.470E-13 -1.227E-14  2.161E-04  1.894E-01 -1.307E-14 -6.333E-12
3____1 -- 1____1 17098.4  228142.0873       1.3141  2.712E+03  5.090E-12 -1.827E-12  2.161E-04  1.224E-02 -1.945E-12 -2.975E-10
3____1 -- 1____3 17098.4  211423.3312       1.4180  2.713E+03  4.110E-12 -9.868E-13  2.161E-04  2.124E-02 -1.050E-12 -1.279E-10
3____1 -- 2____1 17098.4  110617.9280       2.7102  2.712E+03  6.737E-12 -6.196E-12  2.161E-04  1.530E-03 -6.596E-12 -1.150E-10
3____1 -- 2____3 17098.4   94761.6772       3.1636  2.713E+03  7.859E-12 -3.531E-12  2.161E-04  2.696E-03 -3.758E-12 -4.119E-11
1___12 -- 0___10 17311.2  179900.0873       1.6664  2.712E+03  2.336E-12 -1.917E-12  5.506E-04  1.117E-02 -2.040E-12 -1.530E-10
1___12 -- 0___12 17311.2  111910.9776       2.6788  2.712E+03  4.299E-12 -3.852E-12  5.506E-04  3.989E-03 -4.101E-12 -7.402E-11
1___12 -- 1___10 17311.2   64387.0028       4.6561  2.709E+03  2.750E-11 -1.036E-10  5.506E-04  1.447E-03 -1.103E-10 -3.790E-10
1___12 -- 0___14 17311.2   36900.8691       8.1243  2.714E+03  4.216E-13  0.000E+00  5.506E-04  1.227E-03  0.000E+00  0.000E+00
3____2 -- 0____0 17387.8  362300.4901       0.8275  2.712E+03  2.985E-13 -2.625E-14  1.079E-04  1.313E-02 -2.795E-14 -1.712E-11
3____2 -- 0____2 17387.8  351677.0094       0.8525  2.712E+03  2.337E-13 -1.672E-14  1.079E-04  5.438E-02 -1.780E-14 -9.969E-12
3____2 -- 0____4 17387.8  327260.2355       0.9161  2.713E+03  4.815E-14  0.000E+00  1.079E-04  6.343E-02  0.000E+00  0.000E+00
3____2 -- 1____0 17387.8  237549.8843       1.2620  2.712E+03  1.710E-12 -6.351E-13  1.079E-04  1.444E-03 -6.761E-13 -1.167E-10
3____2 -- 1____2 17387.8  227454.9627       1.3180  2.712E+03  1.807E-12 -5.862E-13  1.079E-04  6.038E-03 -6.240E-13 -9.456E-11
3____2 -- 1____4 17387.8  204264.0824       1.4677  2.713E+03  1.316E-12 -1.652E-13  1.079E-04  7.203E-03 -1.758E-13 -1.930E-11
3____2 -- 2____0 17387.8  119852.7405       2.5013  2.712E+03  1.807E-12 -1.919E-12  1.079E-04  1.800E-04 -2.043E-12 -4.530E-11
3____2 -- 2____2 17387.8  110278.2725       2.7185  2.712E+03  2.373E-12 -2.040E-12  1.079E-04  7.594E-04 -2.172E-12 -3.751E-11
3____2 -- 2____4 17387.8   88285.6775       3.3957  2.713E+03  2.908E-12  1.769E-13  1.079E-04  9.256E-04  1.883E-13  1.668E-12
3____2 -- 3____0 17387.8    9063.0157      33.0787  2.710E+03  5.820E-15 -5.244E-13  1.079E-04  2.534E-05 -5.583E-13 -5.352E-15
0___15 -- 0___13 17443.9   77943.7185       3.8463  2.712E+03  1.997E-10 -3.068E-10  1.949E-03  6.745E-03 -3.266E-10 -1.991E-09
3____3 -- 0____1 17818.7  367726.2685       0.8153  2.712E+03  1.901E-12 -1.580E-13  3.865E-04  1.110E-01 -1.682E-13 -1.077E-10
3____3 -- 0____3 17818.7  350126.7125       0.8562  2.713E+03  7.762E-13 -4.498E-14  3.865E-04  1.894E-01 -4.788E-14 -2.647E-11
3____3 -- 0____5 17818.7  319107.0865       0.9395  2.714E+03  5.529E-14  0.000E+00  3.865E-04  1.715E-01  0.000E+00  0.000E+00
3____3 -- 1____1 17818.7  243151.0642       1.2329  2.712E+03  9.260E-12 -3.357E-12  3.865E-04  1.224E-02 -3.574E-12 -6.617E-10
3____3 -- 1____3 17818.7  226432.3081       1.3240  2.712E+03  5.987E-12 -1.694E-12  3.865E-04  2.124E-02 -1.803E-12 -2.696E-10
3____3 -- 1____5 17818.7  196975.5641       1.5220  2.714E+03  3.185E-12  2.487E-13  3.865E-04  1.979E-02  2.647E-13  2.606E-11
3____3 -- 2____1 17818.7  125626.9049       2.3864  2.712E+03  8.362E-12 -9.084E-12  3.865E-04  1.530E-03 -9.670E-12 -2.469E-10
3____3 -- 2____3 17818.7  109770.6541       2.7311  2.712E+03  7.790E-12 -6.178E-12  3.865E-04  2.696E-03 -6.576E-12 -1.120E-10
3____3 -- 2____5 17818.7   81845.6000       3.6629  2.714E+03  8.148E-12  5.968E-12  3.865E-04  2.582E-03  6.353E-12  4.485E-11
3____3 -- 3____1 17818.7   15008.9769      19.9742  2.709E+03  1.291E-13 -3.825E-13  3.865E-04  2.161E-04 -4.071E-13 -1.773E-14
2____9 -- 0____7 18107.4  281730.8122       1.0641  2.712E+03  2.081E-11 -3.908E-12  9.385E-04  1.083E-01 -4.160E-12 -1.198E-09
2____9 -- 0____9 18107.4  227334.7153       1.3187  2.713E+03  5.111E-12 -2.401E-13  9.385E-04  5.234E-02 -2.555E-13 -3.866E-11
2____9 -- 0___11 18107.4  163475.1256       1.8339  2.714E+03  1.732E-13  1.032E-13  9.385E-04  2.045E-02  1.098E-13  6.179E-12
2____9 -- 1____7 18107.4  161813.9162       1.8527  2.711E+03  1.262E-11 -1.569E-11  9.385E-04  1.300E-02 -1.670E-11 -9.112E-10
2____9 -- 1____9 18107.4  110222.7849       2.7199  2.713E+03  1.297E-11 -2.837E-12  9.385E-04  6.595E-03 -3.020E-12 -5.207E-11
2____9 -- 1___11 18107.4   49697.5742       6.0323  2.719E+03  3.320E-12  1.619E-11  9.385E-04  2.732E-03  1.723E-11  2.724E-11
2____9 -- 2____7 18107.4   48841.3406       6.1381  2.706E+03  1.800E-11 -1.326E-10  9.385E-04  1.762E-03 -1.412E-10 -2.118E-10
3____4 -- 0____2 18386.5  372486.8839       0.8048  2.712E+03  9.658E-13 -7.451E-14  1.343E-04  5.438E-02 -7.932E-14 -5.279E-11
3____4 -- 0____4 18386.5  348070.1100       0.8613  2.713E+03  2.600E-13 -1.138E-14  1.343E-04  6.343E-02 -1.211E-14 -6.578E-12
3____4 -- 0____6 18386.5  310715.3806       0.9648  2.714E+03  3.168E-15  0.000E+00  1.343E-04  4.720E-02  0.000E+00  0.000E+00
3____4 -- 1____2 18386.5  248264.8372       1.2076  2.712E+03  4.076E-12 -1.409E-12  1.343E-04  6.038E-03 -1.500E-12 -2.956E-10
3____4 -- 1____4 18386.5  225073.9569       1.3320  2.713E+03  1.998E-12 -4.626E-13  1.343E-04  7.203E-03 -4.924E-13 -7.231E-11
3____4 -- 1____6 18386.5  189609.7841       1.5811  2.714E+03  7.553E-13  2.301E-13  1.343E-04  5.545E-03  2.449E-13  2.150E-11
3____4 -- 2____2 18386.5  131088.1470       2.2870  2.712E+03  3.125E-12 -3.610E-12  1.343E-04  7.594E-04 -3.843E-12 -1.115E-10
3____4 -- 2____4 18386.5  109095.5520       2.7480  2.712E+03  2.578E-12 -1.853E-12  1.343E-04  9.256E-04 -1.973E-12 -3.299E-11
3____4 -- 2____6 18386.5   75477.5541       3.9719  2.715E+03  2.234E-12  3.872E-12  1.343E-04  7.365E-04  4.121E-12  2.282E-11
3____4 -- 3____2 18386.5   20809.8745      14.4063  2.708E+03  1.412E-13 -7.958E-13  1.343E-04  1.079E-04 -8.471E-13 -9.831E-14
1___13 -- 0___11 18979.7  181650.8936       1.6504  2.712E+03  2.075E-12 -1.420E-12  9.641E-04  2.045E-02 -1.512E-12 -1.167E-10
1___13 -- 0___13 18979.7  109944.5345       2.7268  2.712E+03  7.053E-12 -5.246E-12  9.641E-04  6.745E-03 -5.584E-12 -9.557E-11
1___13 -- 1___11 18979.7   67873.3422       4.4169  2.711E+03  6.096E-11 -1.547E-10  9.641E-04  2.732E-03 -1.647E-10 -6.631E-10
1___13 -- 0___15 18979.7   32000.8160       9.3683  2.714E+03  4.937E-13  3.365E-13  9.641E-04  1.949E-03  3.582E-13  1.512E-13
3____5 -- 0____3 19086.5  376543.1845       0.7962  2.712E+03  3.645E-12 -2.382E-13  3.803E-04  1.894E-01 -2.536E-13 -1.743E-10
3____5 -- 0____5 19086.5  345523.5585       0.8676  2.713E+03  7.146E-13 -5.773E-15  3.803E-04  1.715E-01 -6.146E-15 -3.265E-12
3____5 -- 0____7 19086.5  302131.4373       0.9923  2.714E+03  1.738E-16  0.000E+00  3.803E-04  1.083E-01  0.000E+00  0.000E+00
3____5 -- 1____3 19086.5  252848.7800       1.1857  2.712E+03  1.357E-11 -4.636E-12  3.803E-04  2.124E-02 -4.935E-12 -1.027E-09
3____5 -- 1____5 19086.5  223392.0360       1.3420  2.713E+03  5.505E-12 -9.115E-13  3.803E-04  1.979E-02 -9.703E-13 -1.393E-10
3____5 -- 1____7 19086.5  182214.5413       1.6453  2.715E+03  1.455E-12  8.304E-13  3.803E-04  1.300E-02  8.839E-13  6.887E-11
3____5 -- 2____3 19086.5  136187.1260       2.2013  2.711E+03  8.718E-12 -1.115E-11  3.803E-04  2.696E-03 -1.187E-11 -3.860E-10
3____5 -- 2____5 19086.5  108262.0719       2.7691  2.713E+03  6.990E-12 -4.116E-12  3.803E-04  2.582E-03 -4.382E-12 -7.161E-11
3____5 -- 2____7 19086.5   69241.9658       4.3296  2.717E+03  4.952E-12  1.466E-11  3.803E-04  1.762E-03  1.561E-11  6.673E-11
3____5 -- 3____3 19086.5   26416.4720      11.3487  2.707E+03  9.194E-13 -5.432E-12  3.803E-04  3.865E-04 -5.783E-12 -1.373E-12
0___16 -- 0___14 19403.5   80495.6251       3.7243  2.712E+03  4.093E-11 -4.446E-11  3.359E-04  1.227E-03 -4.733E-11 -3.179E-10
2___10 -- 0____8 19434.9  283483.4312       1.0575  2.712E+03  4.615E-12 -8.062E-13  2.118E-04  2.586E-02 -8.582E-13 -2.518E-10
2___10 -- 0___10 19434.9  224150.2131       1.3375  2.713E+03  1.117E-12 -1.097E-13  2.118E-04  1.117E-02 -1.168E-13 -1.694E-11
2___10 -- 1____8 19434.9  164880.5672       1.8182  2.711E+03  2.033E-12 -2.079E-12  2.118E-04  3.174E-03 -2.213E-12 -1.277E-10
2___10 -- 0___12 19434.9  156161.1034       1.9198  2.714E+03  2.233E-14  5.653E-14  2.118E-04  3.989E-03  6.017E-14  2.951E-12
2___10 -- 1___10 19434.9  108637.1286       2.7596  2.713E+03  2.765E-12 -1.168E-13  2.118E-04  1.447E-03 -1.243E-13 -2.053E-12
2___10 -- 2____8 19434.9   53223.8155       5.6327  2.707E+03  5.682E-12 -3.187E-11  2.118E-04  4.405E-04 -3.393E-11 -6.588E-11
2___10 -- 1___12 19434.9   44250.1258       6.7750  2.719E+03  5.390E-13  3.168E-12  2.118E-04  5.506E-04  3.372E-12  3.763E-12
3____6 -- 0____4 19912.3  379861.0818       0.7892  2.712E+03  1.322E-12 -7.165E-14  1.104E-04  6.343E-02 -7.627E-14 -5.384E-11
3____6 -- 0____6 19912.3  342506.3524       0.8753  2.713E+03  2.018E-13  0.000E+00  1.104E-04  4.720E-02  0.000E+00  0.000E+00
3____6 -- 0____8 19912.3  293429.6846       1.0217  2.714E+03  2.704E-15  0.000E+00  1.104E-04  2.586E-02  0.000E+00  0.000E+00
3____6 -- 1____4 19912.3  256864.9287       1.1671  2.712E+03  4.404E-12 -1.483E-12  1.104E-04  7.203E-03 -1.579E-12 -3.446E-10
3____6 -- 1____6 19912.3  221400.7559       1.3541  2.713E+03  1.558E-12 -1.687E-13  1.104E-04  5.545E-03 -1.796E-13 -2.510E-11
3____6 -- 1____8 19912.3  174826.8205       1.7148  2.715E+03  2.843E-13  2.255E-13  1.104E-04  3.174E-03  2.400E-13  1.652E-11
3____6 -- 2____4 19912.3  140886.5238       2.1279  2.711E+03  2.324E-12 -3.264E-12  1.104E-04  9.256E-04 -3.475E-12 -1.251E-10
3____6 -- 2____6 19912.3  107268.5259       2.7948  2.713E+03  1.941E-12 -8.386E-13  1.104E-04  7.365E-04 -8.927E-13 -1.419E-11
3____6 -- 2____8 19912.3   63170.0689       4.7458  2.718E+03  1.113E-12  4.663E-12  1.104E-04  4.405E-04  4.964E-12  1.612E-11
3____6 -- 3____4 19912.3   31790.9718       9.4301  2.706E+03  5.136E-13 -3.410E-12  1.104E-04  1.343E-04 -3.630E-12 -1.502E-12
1___14 -- 0___12 20717.9  182893.2481       1.6392  2.712E+03  1.237E-13 -8.242E-14  1.818E-04  3.989E-03 -8.774E-14 -6.912E-12
1___14 -- 0___14 20717.9  107883.1396       2.7789  2.712E+03  1.240E-12 -1.540E-12  1.818E-04  1.227E-03 -1.639E-12 -2.650E-11
1___14 -- 1___12 20717.9   70982.2705       4.2235  2.711E+03  1.415E-11 -3.310E-11  1.818E-04  5.506E-04 -3.524E-11 -1.623E-10
1___14 -- 0___16 20717.9   27387.5146      10.9463  2.711E+03  6.005E-14 -4.594E-13  1.818E-04  3.359E-04 -4.891E-13 -1.294E-13
2___11 -- 0____9 20853.8  284560.3232       1.0535  2.712E+03  8.528E-12 -1.719E-12  4.120E-04  5.234E-02 -1.830E-12 -5.431E-10
2___11 -- 0___11 20853.8  220700.7334       1.3584  2.713E+03  2.102E-12 -4.245E-13  4.120E-04  2.045E-02 -4.519E-13 -6.256E-11
2___11 -- 1____9 20853.8  167448.3928       1.7904  2.711E+03  2.468E-12 -2.507E-12  4.120E-04  6.595E-03 -2.669E-12 -1.614E-10
2___11 -- 0___13 20853.8  148994.3743       2.0121  2.714E+03  2.387E-14  0.000E+00  4.120E-04  6.745E-03  0.000E+00  0.000E+00
2___11 -- 1___11 20853.8  106923.1820       2.8038  2.713E+03  5.045E-12 -1.688E-12  4.120E-04  2.732E-03 -1.797E-12 -2.829E-11
2___11 -- 2____9 20853.8   57225.6079       5.2388  2.708E+03  1.478E-11 -7.198E-11  4.120E-04  9.385E-04 -7.662E-11 -1.849E-10
2___11 -- 1___13 20853.8   39049.8398       7.6772  2.717E+03  7.406E-13  2.712E-12  4.120E-04  9.641E-04  2.887E-12  2.214E-12
3____7 -- 0____5 20856.5  382404.9038       0.7840  2.713E+03  3.829E-12 -1.744E-13  2.696E-04  1.715E-01 -1.856E-13 -1.337E-10
3____7 -- 0____7 20856.5  339012.7827       0.8843  2.713E+03  4.804E-13  5.997E-15  2.696E-04  1.083E-01  6.384E-15  3.203E-12
3____7 -- 0____9 20856.5  284616.6859       1.0533  2.714E+03  1.811E-14  0.000E+00  2.696E-04  5.234E-02  0.000E+00  0.000E+00
3____7 -- 1____5 20856.5  260273.3814       1.1518  2.712E+03  1.152E-11 -3.765E-12  2.696E-04  1.979E-02 -4.007E-12 -9.099E-10
3____7 -- 1____7 20856.5  219095.8867       1.3683  2.713E+03  3.705E-12 -2.297E-13  2.696E-04  1.300E-02 -2.445E-13 -3.312E-11
3____7 -- 1____9 20856.5  167504.7555       1.7898  2.715E+03  4.623E-13  4.422E-13  2.696E-04  6.595E-03  4.707E-13  2.849E-11
3____7 -- 2____5 20856.5  145143.4173       2.0655  2.711E+03  4.862E-12 -7.132E-12  2.696E-04  2.582E-03 -7.592E-12 -2.990E-10
3____7 -- 2____7 20856.5  106123.3111       2.8249  2.713E+03  4.515E-12 -1.346E-12  2.696E-04  1.762E-03 -1.433E-12 -2.206E-11
3____7 -- 2____9 20856.5   57281.9705       5.2336  2.719E+03  2.073E-12  1.134E-11  2.696E-04  9.385E-04  1.207E-11  2.923E-11
3____7 -- 3____5 20856.5   36881.3454       8.1286  2.706E+03  2.129E-12 -1.520E-11  2.696E-04  3.803E-04 -1.618E-11 -1.045E-11
0___17 -- 0___15 21411.7   82674.2877       3.6262  2.712E+03  7.264E-11 -7.704E-11  5.096E-04  1.949E-03 -8.201E-11 -5.968E-10
3____8 -- 0____6 21911.7  384168.0453       0.7804  2.713E+03  1.106E-12 -4.670E-14  6.895E-05  4.720E-02 -4.971E-14 -3.630E-11
3____8 -- 0____8 21911.7  335091.3775       0.8947  2.713E+03  1.201E-13  0.000E+00  6.895E-05  2.586E-02  0.000E+00  0.000E+00
3____8 -- 0___10 21911.7  275758.1594       1.0872  2.714E+03  7.669E-15  0.000E+00  6.895E-05  1.117E-02  0.000E+00  0.000E+00
3____8 -- 1____6 21911.7  263062.4488       1.1396  2.712E+03  3.036E-12 -9.761E-13  6.895E-05  5.545E-03 -1.039E-12 -2.436E-10
3____8 -- 1____8 21911.7  216488.5134       1.3848  2.713E+03  9.216E-13 -5.882E-14  6.895E-05  3.174E-03 -6.262E-14 -8.182E-12
3____8 -- 1___10 21911.7  160245.0749       1.8708  2.715E+03  7.770E-14  5.368E-14  6.895E-05  1.447E-03  5.714E-14  3.028E-12
3____8 -- 2____6 21911.7  148930.2188       2.0130  2.711E+03  9.814E-13 -1.492E-12  6.895E-05  7.365E-04 -1.588E-12 -6.755E-11
3____8 -- 2____8 21911.7  104831.7618       2.8597  2.713E+03  1.098E-12 -2.509E-13  6.895E-05  4.405E-04 -2.670E-13 -3.962E-12
3____8 -- 2___10 21911.7   51607.9463       5.8090  2.719E+03  3.973E-13  2.070E-12  6.895E-05  2.118E-04  2.204E-12  3.901E-12
3____8 -- 3____6 21911.7   41661.6929       7.1959  2.706E+03  8.488E-13 -6.354E-12  6.895E-05  1.104E-04 -6.763E-12 -6.298E-12
